{"/Users/carlos.gomez/Documents/devsu-pichincha/src/components/Error/index.tsx": {"path":"/Users/carlos.gomez/Documents/devsu-pichincha/src/components/Error/index.tsx","statementMap":{"0":{"start":{"line":3,"column":46},"end":{"line":5,"column":1}},"1":{"start":{"line":4,"column":2},"end":{"line":4,"column":44}}},"fnMap":{"0":{"name":"(anonymous_0)","decl":{"start":{"line":3,"column":46},"end":{"line":3,"column":47}},"loc":{"start":{"line":3,"column":63},"end":{"line":5,"column":1}},"line":3}},"branchMap":{},"s":{"0":1,"1":1},"f":{"0":1},"b":{},"_coverageSchema":"1a1c01bbd47fc00a2c39e90264f33305004495a9","hash":"e841a540c58cb7ab038f00ed9e36cade5e969471"}
,"/Users/carlos.gomez/Documents/devsu-pichincha/src/components/Search/index.tsx": {"path":"/Users/carlos.gomez/Documents/devsu-pichincha/src/components/Search/index.tsx","statementMap":{"0":{"start":{"line":6,"column":22},"end":{"line":25,"column":1}},"1":{"start":{"line":7,"column":24},"end":{"line":7,"column":73}},"2":{"start":{"line":8,"column":19},"end":{"line":8,"column":48}},"3":{"start":{"line":10,"column":23},"end":{"line":17,"column":3}},"4":{"start":{"line":11,"column":22},"end":{"line":11,"column":27}},"5":{"start":{"line":12,"column":22},"end":{"line":14,"column":6}},"6":{"start":{"line":13,"column":6},"end":{"line":13,"column":68}},"7":{"start":{"line":16,"column":4},"end":{"line":16,"column":25}},"8":{"start":{"line":18,"column":2},"end":{"line":24,"column":4}},"9":{"start":{"line":22,"column":27},"end":{"line":22,"column":53}}},"fnMap":{"0":{"name":"(anonymous_0)","decl":{"start":{"line":6,"column":22},"end":{"line":6,"column":23}},"loc":{"start":{"line":6,"column":28},"end":{"line":25,"column":1}},"line":6},"1":{"name":"(anonymous_1)","decl":{"start":{"line":10,"column":23},"end":{"line":10,"column":24}},"loc":{"start":{"line":10,"column":66},"end":{"line":17,"column":3}},"line":10},"2":{"name":"(anonymous_2)","decl":{"start":{"line":12,"column":38},"end":{"line":12,"column":39}},"loc":{"start":{"line":12,"column":49},"end":{"line":14,"column":5}},"line":12},"3":{"name":"(anonymous_3)","decl":{"start":{"line":22,"column":16},"end":{"line":22,"column":17}},"loc":{"start":{"line":22,"column":27},"end":{"line":22,"column":53}},"line":22}},"branchMap":{"0":{"loc":{"start":{"line":13,"column":13},"end":{"line":13,"column":67}},"type":"binary-expr","locations":[{"start":{"line":13,"column":13},"end":{"line":13,"column":39}},{"start":{"line":13,"column":43},"end":{"line":13,"column":67}}],"line":13}},"s":{"0":1,"1":2,"2":2,"3":2,"4":0,"5":0,"6":0,"7":0,"8":2,"9":0},"f":{"0":2,"1":0,"2":0,"3":0},"b":{"0":[0,0]},"_coverageSchema":"1a1c01bbd47fc00a2c39e90264f33305004495a9","hash":"935d650b35ca9fbfafe256679c880ca614f4b684"}
,"/Users/carlos.gomez/Documents/devsu-pichincha/src/core/store/products.ts": {"path":"/Users/carlos.gomez/Documents/devsu-pichincha/src/core/store/products.ts","statementMap":{"0":{"start":{"line":4,"column":29},"end":{"line":7,"column":2}}},"fnMap":{},"branchMap":{},"s":{"0":1},"f":{},"b":{},"_coverageSchema":"1a1c01bbd47fc00a2c39e90264f33305004495a9","hash":"f5e575dea4a5cec7472bc5376b2b4a0e4814fa1f"}
,"/Users/carlos.gomez/Documents/devsu-pichincha/src/core/store/search.ts": {"path":"/Users/carlos.gomez/Documents/devsu-pichincha/src/core/store/search.ts","statementMap":{"0":{"start":{"line":4,"column":35},"end":{"line":7,"column":2}}},"fnMap":{},"branchMap":{},"s":{"0":1},"f":{},"b":{},"_coverageSchema":"1a1c01bbd47fc00a2c39e90264f33305004495a9","hash":"05fd5f7e79d4ebb17cb7b0396074e9e6adc0af07"}
,"/Users/carlos.gomez/Documents/devsu-pichincha/src/utils/fechData.ts": {"path":"/Users/carlos.gomez/Documents/devsu-pichincha/src/utils/fechData.ts","statementMap":{"0":{"start":{"line":2,"column":25},"end":{"line":24,"column":1}},"1":{"start":{"line":3,"column":18},"end":{"line":6,"column":10}},"2":{"start":{"line":7,"column":18},"end":{"line":14,"column":3}},"3":{"start":{"line":15,"column":2},"end":{"line":23,"column":3}},"4":{"start":{"line":16,"column":21},"end":{"line":16,"column":50}},"5":{"start":{"line":17,"column":4},"end":{"line":19,"column":5}},"6":{"start":{"line":18,"column":6},"end":{"line":18,"column":22}},"7":{"start":{"line":20,"column":4},"end":{"line":20,"column":33}},"8":{"start":{"line":22,"column":4},"end":{"line":22,"column":17}}},"fnMap":{"0":{"name":"(anonymous_0)","decl":{"start":{"line":2,"column":25},"end":{"line":2,"column":26}},"loc":{"start":{"line":2,"column":75},"end":{"line":24,"column":1}},"line":2}},"branchMap":{"0":{"loc":{"start":{"line":4,"column":4},"end":{"line":5,"column":104}},"type":"binary-expr","locations":[{"start":{"line":4,"column":4},"end":{"line":4,"column":28}},{"start":{"line":5,"column":4},"end":{"line":5,"column":104}}],"line":4},"1":{"loc":{"start":{"line":10,"column":16},"end":{"line":10,"column":47}},"type":"binary-expr","locations":[{"start":{"line":10,"column":16},"end":{"line":10,"column":40}},{"start":{"line":10,"column":44},"end":{"line":10,"column":47}}],"line":10},"2":{"loc":{"start":{"line":13,"column":10},"end":{"line":13,"column":44}},"type":"cond-expr","locations":[{"start":{"line":13,"column":17},"end":{"line":13,"column":37}},{"start":{"line":13,"column":40},"end":{"line":13,"column":44}}],"line":13},"3":{"loc":{"start":{"line":17,"column":4},"end":{"line":19,"column":5}},"type":"if","locations":[{"start":{"line":17,"column":4},"end":{"line":19,"column":5}},{"start":{},"end":{}}],"line":17}},"s":{"0":1,"1":4,"2":4,"3":4,"4":4,"5":3,"6":1,"7":1,"8":2},"f":{"0":4},"b":{"0":[4,4],"1":[4,4],"2":[0,4],"3":[1,1]},"_coverageSchema":"1a1c01bbd47fc00a2c39e90264f33305004495a9","hash":"047011840d32a70afef20bcdcb760a2a34fa6dfb"}
,"/Users/carlos.gomez/Documents/devsu-pichincha/src/utils/formatDate.ts": {"path":"/Users/carlos.gomez/Documents/devsu-pichincha/src/utils/formatDate.ts","statementMap":{"0":{"start":{"line":1,"column":26},"end":{"line":13,"column":1}},"1":{"start":{"line":2,"column":15},"end":{"line":2,"column":32}},"2":{"start":{"line":3,"column":15},"end":{"line":3,"column":33}},"3":{"start":{"line":4,"column":16},"end":{"line":4,"column":31}},"4":{"start":{"line":5,"column":14},"end":{"line":5,"column":28}},"5":{"start":{"line":7,"column":2},"end":{"line":7,"column":25}},"6":{"start":{"line":8,"column":2},"end":{"line":8,"column":23}},"7":{"start":{"line":9,"column":2},"end":{"line":9,"column":20}},"8":{"start":{"line":11,"column":21},"end":{"line":11,"column":53}},"9":{"start":{"line":12,"column":2},"end":{"line":12,"column":20}}},"fnMap":{"0":{"name":"(anonymous_0)","decl":{"start":{"line":1,"column":26},"end":{"line":1,"column":27}},"loc":{"start":{"line":1,"column":62},"end":{"line":13,"column":1}},"line":1}},"branchMap":{},"s":{"0":1,"1":3,"2":3,"3":3,"4":3,"5":3,"6":3,"7":3,"8":3,"9":3},"f":{"0":3},"b":{},"_coverageSchema":"1a1c01bbd47fc00a2c39e90264f33305004495a9","hash":"ceef7f66faa8421aebdcc241a40aded2526cd094"}
,"/Users/carlos.gomez/Documents/devsu-pichincha/src/utils/getDateRevision.ts": {"path":"/Users/carlos.gomez/Documents/devsu-pichincha/src/utils/getDateRevision.ts","statementMap":{"0":{"start":{"line":1,"column":31},"end":{"line":15,"column":1}},"1":{"start":{"line":2,"column":2},"end":{"line":14,"column":3}},"2":{"start":{"line":3,"column":17},"end":{"line":3,"column":34}},"3":{"start":{"line":4,"column":17},"end":{"line":4,"column":39}},"4":{"start":{"line":5,"column":18},"end":{"line":5,"column":33}},"5":{"start":{"line":6,"column":16},"end":{"line":6,"column":30}},"6":{"start":{"line":8,"column":4},"end":{"line":8,"column":27}},"7":{"start":{"line":9,"column":4},"end":{"line":9,"column":25}},"8":{"start":{"line":10,"column":4},"end":{"line":10,"column":26}},"9":{"start":{"line":12,"column":24},"end":{"line":12,"column":56}},"10":{"start":{"line":13,"column":4},"end":{"line":13,"column":23}}},"fnMap":{"0":{"name":"(anonymous_0)","decl":{"start":{"line":1,"column":31},"end":{"line":1,"column":32}},"loc":{"start":{"line":1,"column":71},"end":{"line":15,"column":1}},"line":1}},"branchMap":{"0":{"loc":{"start":{"line":2,"column":2},"end":{"line":14,"column":3}},"type":"if","locations":[{"start":{"line":2,"column":2},"end":{"line":14,"column":3}},{"start":{},"end":{}}],"line":2}},"s":{"0":1,"1":4,"2":4,"3":4,"4":4,"5":4,"6":4,"7":4,"8":4,"9":4,"10":4},"f":{"0":4},"b":{"0":[4,0]},"_coverageSchema":"1a1c01bbd47fc00a2c39e90264f33305004495a9","hash":"50b3a019ca7e12730c8ab629d341ff7df7235595"}
,"/Users/carlos.gomez/Documents/devsu-pichincha/src/utils/validateForm.ts": {"path":"/Users/carlos.gomez/Documents/devsu-pichincha/src/utils/validateForm.ts","statementMap":{"0":{"start":{"line":3,"column":23},"end":{"line":22,"column":1}},"1":{"start":{"line":4,"column":42},"end":{"line":4,"column":46}},"2":{"start":{"line":5,"column":2},"end":{"line":19,"column":3}},"3":{"start":{"line":18,"column":4},"end":{"line":18,"column":17}},"4":{"start":{"line":21,"column":2},"end":{"line":21,"column":14}}},"fnMap":{"0":{"name":"(anonymous_0)","decl":{"start":{"line":3,"column":23},"end":{"line":3,"column":24}},"loc":{"start":{"line":3,"column":46},"end":{"line":22,"column":1}},"line":3}},"branchMap":{"0":{"loc":{"start":{"line":5,"column":2},"end":{"line":19,"column":3}},"type":"if","locations":[{"start":{"line":5,"column":2},"end":{"line":19,"column":3}},{"start":{},"end":{}}],"line":5},"1":{"loc":{"start":{"line":6,"column":4},"end":{"line":16,"column":19}},"type":"binary-expr","locations":[{"start":{"line":6,"column":4},"end":{"line":6,"column":21}},{"start":{"line":7,"column":4},"end":{"line":7,"column":21}},{"start":{"line":8,"column":4},"end":{"line":8,"column":28}},{"start":{"line":9,"column":4},"end":{"line":9,"column":19}},{"start":{"line":10,"column":4},"end":{"line":10,"column":17}},{"start":{"line":11,"column":4},"end":{"line":11,"column":18}},{"start":{"line":12,"column":4},"end":{"line":12,"column":27}},{"start":{"line":13,"column":4},"end":{"line":13,"column":28}},{"start":{"line":14,"column":4},"end":{"line":14,"column":19}},{"start":{"line":15,"column":4},"end":{"line":15,"column":21}},{"start":{"line":16,"column":4},"end":{"line":16,"column":19}}],"line":6}},"s":{"0":1,"1":3,"2":3,"3":2,"4":1},"f":{"0":3},"b":{"0":[2,1],"1":[3,2,2,2,2,1,1,1,1,1,1]},"_coverageSchema":"1a1c01bbd47fc00a2c39e90264f33305004495a9","hash":"a3279851fed2cf60f5785990b60d29c004f0153b"}
}
