TN:
SF:src/components/Error/index.tsx
FN:3,(anonymous_0)
FNF:1
FNH:1
FNDA:1,(anonymous_0)
DA:3,1
DA:4,1
LF:2
LH:2
BRF:0
BRH:0
end_of_record
TN:
SF:src/components/Search/index.tsx
FN:6,(anonymous_0)
FN:10,(anonymous_1)
FN:12,(anonymous_2)
FN:22,(anonymous_3)
FNF:4
FNH:1
FNDA:2,(anonymous_0)
FNDA:0,(anonymous_1)
FNDA:0,(anonymous_2)
FNDA:0,(anonymous_3)
DA:6,1
DA:7,2
DA:8,2
DA:10,2
DA:11,0
DA:12,0
DA:13,0
DA:16,0
DA:18,2
DA:22,0
LF:10
LH:5
BRDA:13,0,0,0
BRDA:13,0,1,0
BRF:2
BRH:0
end_of_record
TN:
SF:src/core/store/products.ts
FNF:0
FNH:0
DA:4,1
LF:1
LH:1
BRF:0
BRH:0
end_of_record
TN:
SF:src/core/store/search.ts
FNF:0
FNH:0
DA:4,1
LF:1
LH:1
BRF:0
BRH:0
end_of_record
TN:
SF:src/utils/fechData.ts
FN:2,(anonymous_0)
FNF:1
FNH:1
FNDA:4,(anonymous_0)
DA:2,1
DA:3,4
DA:7,4
DA:15,4
DA:16,4
DA:17,3
DA:18,1
DA:20,1
DA:22,2
LF:9
LH:9
BRDA:4,0,0,4
BRDA:4,0,1,4
BRDA:10,1,0,4
BRDA:10,1,1,4
BRDA:13,2,0,0
BRDA:13,2,1,4
BRDA:17,3,0,1
BRDA:17,3,1,1
BRF:8
BRH:7
end_of_record
TN:
SF:src/utils/formatDate.ts
FN:1,(anonymous_0)
FNF:1
FNH:1
FNDA:3,(anonymous_0)
DA:1,1
DA:2,3
DA:3,3
DA:4,3
DA:5,3
DA:7,3
DA:8,3
DA:9,3
DA:11,3
DA:12,3
LF:10
LH:10
BRF:0
BRH:0
end_of_record
TN:
SF:src/utils/getDateRevision.ts
FN:1,(anonymous_0)
FNF:1
FNH:1
FNDA:4,(anonymous_0)
DA:1,1
DA:2,4
DA:3,4
DA:4,4
DA:5,4
DA:6,4
DA:8,4
DA:9,4
DA:10,4
DA:12,4
DA:13,4
LF:11
LH:11
BRDA:2,0,0,4
BRDA:2,0,1,0
BRF:2
BRH:1
end_of_record
TN:
SF:src/utils/validateForm.ts
FN:3,(anonymous_0)
FNF:1
FNH:1
FNDA:3,(anonymous_0)
DA:3,1
DA:4,3
DA:5,3
DA:18,2
DA:21,1
LF:5
LH:5
BRDA:5,0,0,2
BRDA:5,0,1,1
BRDA:6,1,0,3
BRDA:6,1,1,2
BRDA:6,1,2,2
BRDA:6,1,3,2
BRDA:6,1,4,2
BRDA:6,1,5,1
BRDA:6,1,6,1
BRDA:6,1,7,1
BRDA:6,1,8,1
BRDA:6,1,9,1
BRDA:6,1,10,1
BRF:13
BRH:13
end_of_record
